CUDA 12.8
2025-09-22 11:42:05,720 - INFO - Loading data from DarpaQCGenoPheno.csv...
2025-09-22 11:42:46,024 - INFO - Starting Bayesian optimization for LR...
/hpc/group/schultzlab/hs325/miniconda3/envs/gsAI/lib/python3.12/site-packages/sklearn/linear_model/_sag.py:348: ConvergenceWarning: The max_iter was reached which means the coef_ did not converge
  warnings.warn(
/hpc/group/schultzlab/hs325/miniconda3/envs/gsAI/lib/python3.12/site-packages/sklearn/linear_model/_sag.py:348: ConvergenceWarning: The max_iter was reached which means the coef_ did not converge
  warnings.warn(
/hpc/group/schultzlab/hs325/miniconda3/envs/gsAI/lib/python3.12/site-packages/sklearn/linear_model/_sag.py:348: ConvergenceWarning: The max_iter was reached which means the coef_ did not converge
  warnings.warn(
/hpc/group/schultzlab/hs325/miniconda3/envs/gsAI/lib/python3.12/site-packages/sklearn/linear_model/_sag.py:348: ConvergenceWarning: The max_iter was reached which means the coef_ did not converge
  warnings.warn(
/hpc/group/schultzlab/hs325/miniconda3/envs/gsAI/lib/python3.12/site-packages/sklearn/linear_model/_sag.py:348: ConvergenceWarning: The max_iter was reached which means the coef_ did not converge
  warnings.warn(
/hpc/group/schultzlab/hs325/miniconda3/envs/gsAI/lib/python3.12/site-packages/sklearn/linear_model/_sag.py:348: ConvergenceWarning: The max_iter was reached which means the coef_ did not converge
  warnings.warn(
/hpc/group/schultzlab/hs325/miniconda3/envs/gsAI/lib/python3.12/site-packages/sklearn/linear_model/_sag.py:348: ConvergenceWarning: The max_iter was reached which means the coef_ did not converge
  warnings.warn(
/hpc/group/schultzlab/hs325/miniconda3/envs/gsAI/lib/python3.12/site-packages/sklearn/linear_model/_sag.py:348: ConvergenceWarning: The max_iter was reached which means the coef_ did not converge
  warnings.warn(
/hpc/group/schultzlab/hs325/miniconda3/envs/gsAI/lib/python3.12/site-packages/sklearn/linear_model/_sag.py:348: ConvergenceWarning: The max_iter was reached which means the coef_ did not converge
  warnings.warn(
/hpc/group/schultzlab/hs325/miniconda3/envs/gsAI/lib/python3.12/site-packages/sklearn/linear_model/_sag.py:348: ConvergenceWarning: The max_iter was reached which means the coef_ did not converge
  warnings.warn(
/hpc/group/schultzlab/hs325/miniconda3/envs/gsAI/lib/python3.12/site-packages/sklearn/linear_model/_sag.py:348: ConvergenceWarning: The max_iter was reached which means the coef_ did not converge
  warnings.warn(
/hpc/group/schultzlab/hs325/miniconda3/envs/gsAI/lib/python3.12/site-packages/sklearn/linear_model/_sag.py:348: ConvergenceWarning: The max_iter was reached which means the coef_ did not converge
  warnings.warn(
/hpc/group/schultzlab/hs325/miniconda3/envs/gsAI/lib/python3.12/site-packages/sklearn/linear_model/_sag.py:348: ConvergenceWarning: The max_iter was reached which means the coef_ did not converge
  warnings.warn(
/hpc/group/schultzlab/hs325/miniconda3/envs/gsAI/lib/python3.12/site-packages/sklearn/linear_model/_sag.py:348: ConvergenceWarning: The max_iter was reached which means the coef_ did not converge
  warnings.warn(
/hpc/group/schultzlab/hs325/miniconda3/envs/gsAI/lib/python3.12/site-packages/sklearn/linear_model/_sag.py:348: ConvergenceWarning: The max_iter was reached which means the coef_ did not converge
  warnings.warn(
