CUDA 12.8
2025-09-05 19:40:10,752 - INFO - Loading dataset...
2025-09-05 19:40:56,081 - INFO - Loaded best hyperparameters
2025-09-05 19:40:56,082 - INFO - Running nested CV with calibration
2025-09-05 19:40:56,084 - INFO - Outer Fold 1/10
2025-09-05 19:42:54,188 - INFO - LR | Fold 1: AUC=0.611, LogLoss=0.683
2025-09-05 19:43:07,652 - INFO - RF | Fold 1: AUC=0.609, LogLoss=0.684
2025-09-05 19:49:51,676 - INFO - GB | Fold 1: AUC=0.641, LogLoss=0.657
2025-09-05 19:49:51,695 - INFO - Outer Fold 2/10
2025-09-05 19:52:05,674 - INFO - LR | Fold 2: AUC=0.612, LogLoss=0.669
2025-09-05 19:52:18,957 - INFO - RF | Fold 2: AUC=0.588, LogLoss=0.676
2025-09-05 19:58:59,116 - INFO - GB | Fold 2: AUC=0.608, LogLoss=0.671
2025-09-05 19:58:59,126 - INFO - Outer Fold 3/10
2025-09-05 20:01:06,681 - INFO - LR | Fold 3: AUC=0.666, LogLoss=0.659
2025-09-05 20:01:19,988 - INFO - RF | Fold 3: AUC=0.618, LogLoss=0.667
2025-09-05 20:07:50,599 - INFO - GB | Fold 3: AUC=0.654, LogLoss=0.654
2025-09-05 20:07:50,613 - INFO - Outer Fold 4/10
2025-09-05 20:10:12,964 - INFO - LR | Fold 4: AUC=0.639, LogLoss=0.660
2025-09-05 20:10:26,168 - INFO - RF | Fold 4: AUC=0.619, LogLoss=0.661
2025-09-05 20:17:07,430 - INFO - GB | Fold 4: AUC=0.638, LogLoss=0.655
2025-09-05 20:17:07,453 - INFO - Outer Fold 5/10
2025-09-05 20:19:07,283 - INFO - LR | Fold 5: AUC=0.650, LogLoss=0.659
2025-09-05 20:19:20,495 - INFO - RF | Fold 5: AUC=0.602, LogLoss=0.673
2025-09-05 20:26:04,112 - INFO - GB | Fold 5: AUC=0.638, LogLoss=0.661
2025-09-05 20:26:04,130 - INFO - Outer Fold 6/10
2025-09-05 20:28:15,862 - INFO - LR | Fold 6: AUC=0.683, LogLoss=0.643
2025-09-05 20:28:29,075 - INFO - RF | Fold 6: AUC=0.672, LogLoss=0.653
2025-09-05 20:35:12,291 - INFO - GB | Fold 6: AUC=0.690, LogLoss=0.640
2025-09-05 20:35:12,310 - INFO - Outer Fold 7/10
2025-09-05 20:37:22,081 - INFO - LR | Fold 7: AUC=0.630, LogLoss=0.660
2025-09-05 20:37:35,363 - INFO - RF | Fold 7: AUC=0.590, LogLoss=0.676
2025-09-05 20:44:02,899 - INFO - GB | Fold 7: AUC=0.633, LogLoss=0.661
2025-09-05 20:44:02,911 - INFO - Outer Fold 8/10
2025-09-05 20:46:16,903 - INFO - LR | Fold 8: AUC=0.626, LogLoss=0.664
2025-09-05 20:46:30,113 - INFO - RF | Fold 8: AUC=0.634, LogLoss=0.666
2025-09-05 20:53:16,128 - INFO - GB | Fold 8: AUC=0.641, LogLoss=0.660
2025-09-05 20:53:16,136 - INFO - Outer Fold 9/10
2025-09-05 20:55:05,636 - INFO - LR | Fold 9: AUC=0.646, LogLoss=0.661
2025-09-05 20:55:18,891 - INFO - RF | Fold 9: AUC=0.630, LogLoss=0.671
2025-09-05 21:02:00,691 - INFO - GB | Fold 9: AUC=0.652, LogLoss=0.656
2025-09-05 21:02:00,700 - INFO - Outer Fold 10/10
2025-09-05 21:03:57,953 - INFO - LR | Fold 10: AUC=0.609, LogLoss=0.679
2025-09-05 21:04:11,211 - INFO - RF | Fold 10: AUC=0.637, LogLoss=0.665
2025-09-05 21:10:54,307 - INFO - GB | Fold 10: AUC=0.637, LogLoss=0.659
2025-09-05 21:10:54,421 - INFO - Saved predicted breeding values
2025-09-05 21:10:54,427 - INFO - Saved fold metrics
